0 info it worked if it ends with ok
1 verbose cli [ 'F:\\Program Files\\nodejs\\node.exe',
1 verbose cli   'F:\\Program Files\\nodejs\\node_modules\\npm\\bin\\npm-cli.js',
1 verbose cli   'run',
1 verbose cli   'duyi' ]
2 info using npm@4.0.5
3 info using node@v7.4.0
4 verbose run-script [ 'preduyi', 'duyi', 'postduyi' ]
5 info lifecycle duyi@1.0.0~preduyi: duyi@1.0.0
6 silly lifecycle duyi@1.0.0~preduyi: no script for preduyi, continuing
7 info lifecycle duyi@1.0.0~duyi: duyi@1.0.0
8 verbose lifecycle duyi@1.0.0~duyi: unsafe-perm in lifecycle true
9 verbose lifecycle duyi@1.0.0~duyi: PATH: F:\Program Files\nodejs\node_modules\npm\bin\node-gyp-bin;C:\Users\Administrator\Desktop\duyi\node_modules\.bin;C:\Program Files (x86)\NVIDIA Corporation\PhysX\Common;C:\Windows\system32;C:\Windows;C:\Windows\System32\Wbem;C:\Windows\System32\WindowsPowerShell\v1.0\;C:\Program Files\Intel\WiFi\bin\;C:\Program Files\Common Files\Intel\WirelessCommon\;F:\Program Files\nodejs\;C:\Program Files\Intel\WiFi\bin\;C:\Program Files\Common Files\Intel\WirelessCommon\;f:\Program Files (x86)\Microsoft VS Code\bin;C:\Users\Administrator\AppData\Roaming\npm
10 verbose lifecycle duyi@1.0.0~duyi: CWD: C:\Users\Administrator\Desktop\duyi
11 silly lifecycle duyi@1.0.0~duyi: Args: [ '/d /s /c',
11 silly lifecycle   'webpack-dev-server --progress --colors --devtool sourcemap' ]
12 silly lifecycle duyi@1.0.0~duyi: Returned: code: 3221225786  signal: null
13 info lifecycle duyi@1.0.0~duyi: Failed to exec duyi script
14 verbose stack Error: duyi@1.0.0 duyi: `webpack-dev-server --progress --colors --devtool sourcemap`
14 verbose stack Exit status 3221225786
14 verbose stack     at EventEmitter.<anonymous> (F:\Program Files\nodejs\node_modules\npm\lib\utils\lifecycle.js:279:16)
14 verbose stack     at emitTwo (events.js:106:13)
14 verbose stack     at EventEmitter.emit (events.js:191:7)
14 verbose stack     at ChildProcess.<anonymous> (F:\Program Files\nodejs\node_modules\npm\lib\utils\spawn.js:40:14)
14 verbose stack     at emitTwo (events.js:106:13)
14 verbose stack     at ChildProcess.emit (events.js:191:7)
14 verbose stack     at maybeClose (internal/child_process.js:885:16)
14 verbose stack     at Process.ChildProcess._handle.onexit (internal/child_process.js:226:5)
15 verbose pkgid duyi@1.0.0
16 verbose cwd C:\Users\Administrator\Desktop\duyi
17 error Windows_NT 6.1.7601
18 error argv "F:\\Program Files\\nodejs\\node.exe" "F:\\Program Files\\nodejs\\node_modules\\npm\\bin\\npm-cli.js" "run" "duyi"
19 error node v7.4.0
20 error npm  v4.0.5
21 error code ELIFECYCLE
22 error duyi@1.0.0 duyi: `webpack-dev-server --progress --colors --devtool sourcemap`
22 error Exit status 3221225786
23 error Failed at the duyi@1.0.0 duyi script 'webpack-dev-server --progress --colors --devtool sourcemap'.
23 error Make sure you have the latest version of node.js and npm installed.
23 error If you do, this is most likely a problem with the duyi package,
23 error not with npm itself.
23 error Tell the author that this fails on your system:
23 error     webpack-dev-server --progress --colors --devtool sourcemap
23 error You can get information on how to open an issue for this project with:
23 error     npm bugs duyi
23 error Or if that isn't available, you can get their info via:
23 error     npm owner ls duyi
23 error There is likely additional logging output above.
24 verbose exit [ 1, true ]
